e:\githubdata\cpplearning\visualstudioc\3\consoleapplication1\consoleapplication1\debug\vc141.pdb
e:\githubdata\cpplearning\visualstudioc\3\consoleapplication1\consoleapplication1\debug\vc141.idb
e:\githubdata\cpplearning\visualstudioc\3\consoleapplication1\consoleapplication1\debug\question1.obj
d:\githubdata\cpplearning\cpplearning\visualstudioc\3\consoleapplication1\consoleapplication1\debug\vc141.pdb
d:\githubdata\cpplearning\cpplearning\visualstudioc\3\consoleapplication1\consoleapplication1\debug\vc141.idb
d:\githubdata\cpplearning\cpplearning\visualstudioc\3\consoleapplication1\consoleapplication1\debug\question2.obj
d:\githubdata\cpplearning\cpplearning\visualstudioc\3\consoleapplication1\consoleapplication1\debug\question1.obj
e:\githubdata\cpplearning\visualstudioc\3\consoleapplication1\debug\consoleapplication1.exe
e:\githubdata\cpplearning\visualstudioc\3\consoleapplication1\debug\consoleapplication1.ilk
e:\githubdata\cpplearning\visualstudioc\3\consoleapplication1\debug\consoleapplication1.pdb
d:\githubdata\cpplearning\cpplearning\visualstudioc\3\consoleapplication1\debug\consoleapplication1.pdb
d:\githubdata\cpplearning\cpplearning\visualstudioc\3\consoleapplication1\consoleapplication1\debug\consolea.24125cb8.tlog\cl.command.1.tlog
d:\githubdata\cpplearning\cpplearning\visualstudioc\3\consoleapplication1\consoleapplication1\debug\consolea.24125cb8.tlog\cl.read.1.tlog
d:\githubdata\cpplearning\cpplearning\visualstudioc\3\consoleapplication1\consoleapplication1\debug\consolea.24125cb8.tlog\cl.write.1.tlog
d:\githubdata\cpplearning\cpplearning\visualstudioc\3\consoleapplication1\consoleapplication1\debug\consolea.24125cb8.tlog\link-cvtres.read.1.tlog
d:\githubdata\cpplearning\cpplearning\visualstudioc\3\consoleapplication1\consoleapplication1\debug\consolea.24125cb8.tlog\link-cvtres.write.1.tlog
d:\githubdata\cpplearning\cpplearning\visualstudioc\3\consoleapplication1\consoleapplication1\debug\consolea.24125cb8.tlog\link-rc.read.1.tlog
d:\githubdata\cpplearning\cpplearning\visualstudioc\3\consoleapplication1\consoleapplication1\debug\consolea.24125cb8.tlog\link-rc.write.1.tlog
d:\githubdata\cpplearning\cpplearning\visualstudioc\3\consoleapplication1\consoleapplication1\debug\consolea.24125cb8.tlog\link.command.1.tlog
d:\githubdata\cpplearning\cpplearning\visualstudioc\3\consoleapplication1\consoleapplication1\debug\consolea.24125cb8.tlog\link.read.1.tlog
d:\githubdata\cpplearning\cpplearning\visualstudioc\3\consoleapplication1\consoleapplication1\debug\consolea.24125cb8.tlog\link.write.1.tlog
